<?xml version="1.0" encoding="UTF-8"?>
<!-- Generated by org.testng.reporters.JUnitReportReporter -->
<testsuite skipped="0" hostname="DESKTOP-6TDNORL" name="TestScenario.Lightning" tests="14" failures="0" timestamp="19 Nov 2017 17:23:03 GMT" time="204.253" errors="0">
  <testcase name="loggingIn" time="23.005" classname="TestScenario.Lightning"/>
  <testcase name="navigatingToobject" time="20.324" classname="TestScenario.Lightning"/>
  <testcase name="clickNew" time="0.137" classname="TestScenario.Lightning"/>
  <testcase name="setValuesNewPage" time="38.806" classname="TestScenario.Lightning"/>
  <testcase name="read_Contact_Name" time="5.120" classname="TestScenario.Lightning"/>
  <testcase name="writeInSheet" time="1.023" classname="TestScenario.Lightning"/>
  <testcase name="readFromExcel" time="0.043" classname="TestScenario.Lightning"/>
  <testcase name="navigatingToObject2" time="20.289" classname="TestScenario.Lightning"/>
  <testcase name="navigatingToRecord" time="5.342" classname="TestScenario.Lightning"/>
  <testcase name="editPage" time="1.926" classname="TestScenario.Lightning"/>
  <testcase name="uploadFile" time="11.322" classname="TestScenario.Lightning"/>
  <testcase name="inlineEditPage" time="34.198" classname="TestScenario.Lightning"/>
  <testcase name="navigatingToobject3" time="30.520" classname="TestScenario.Lightning"/>
  <testcase name="setVf" time="12.198" classname="TestScenario.Lightning"/>
</testsuite> <!-- TestScenario.Lightning -->
