<?xml version="1.0" encoding="UTF-8"?>
<!-- Generated by org.testng.reporters.JUnitReportReporter -->
<testsuite skipped="0" hostname="DESKTOP-6TDNORL" name="TestScenario.firstproj" tests="2" failures="0" timestamp="19 Oct 2017 18:18:02 GMT" time="97.179" errors="0">
  <testcase name="loginPage" time="8.364" classname="TestScenario.firstproj"/>
  <testcase name="clickOnContact" time="88.815" classname="TestScenario.firstproj"/>
</testsuite> <!-- TestScenario.firstproj -->
